<?xml version="1.0" encoding="UTF-8"?>
<!-- Generated by org.testng.reporters.JUnitReportReporter -->
<testsuite hostname="HP-P045TX" failures="0" tests="1" name="TestCase.Login_TC" time="16.960" errors="0" timestamp="2021-11-28T15:12:25 IST" skipped="0">
  <testcase classname="TestCase.Login_TC" name="testMethod" time="16.960"/>
  <system-out/>
</testsuite> <!-- TestCase.Login_TC -->
