<?xml version="1.0" encoding="UTF-8"?>
<!-- Generated by org.testng.reporters.JUnitReportReporter -->
<testsuite hostname="HP-P045TX" failures="0" tests="1" name="TestCase.Login_TC" time="18.526" errors="0" timestamp="2021-12-01T18:58:17 IST" skipped="0">
  <testcase classname="TestCase.Login_TC" name="testMethod" time="18.526"/>
  <system-out/>
</testsuite> <!-- TestCase.Login_TC -->
